WorkerThreadPool: 8 threads, 2 max low-priority.
Godot Engine v4.6.1.stable.official.14d19694e - https://godotengine.org
TextServer: Added interface "Dummy"
TextServer: Added interface "ICU / HarfBuzz / Graphite (Built-in)"
Unrecognized output string "misc2" in mapping:
030000000d0f0000ab01000011010000,Horipad Steam,a:b0,b:b1,back:b10,dpdown:h0.4,dpleft:h0.8,dpright:h0.2,dpup:h0.1,guide:b12,leftshoulder:b6,leftstick:b13,lefttrigger:a5,leftx:a0,lefty:a1,misc2:b2,paddle1:b19,paddle2:b18,paddle3:b15,paddle4:b5,rightshoulder:b7,rightstick:b14,righttrigger:a4,rightx:a2,righty:a3,start:b11,x:b3,y:b4,platform:Linux,
Unrecognized output string "misc2" in mapping:
050000000d0f00009601000091000000,Horipad Steam,a:b0,b:b1,back:b10,dpdown:h0.4,dpleft:h0.8,dpright:h0.2,dpup:h0.1,guide:b12,leftshoulder:b6,leftstick:b13,lefttrigger:a5,leftx:a0,lefty:a1,misc2:b2,paddle1:b19,paddle2:b18,paddle3:b15,paddle4:b5,rightshoulder:b7,rightstick:b14,righttrigger:a4,rightx:a2,righty:a3,start:b11,x:b3,y:b4,platform:Linux,
Unrecognized output string "misc2" in mapping:
030000007e0500006920000011010000,Nintendo Switch 2 Pro Controller,a:b0,b:b1,back:b14,dpdown:b8,dpleft:b10,dpright:b9,dpup:b11,guide:b16,leftshoulder:b12,leftstick:b15,lefttrigger:b13,leftx:a0,lefty:a1~,misc1:b17,misc2:b20,paddle1:b18,paddle2:b19,rightshoulder:b4,rightstick:b7,righttrigger:b5,rightx:a2,righty:a3~,start:b6,x:b2,y:b3,platform:Linux,
SDL: Init OK!
Xshape 1.1 detected.
Xinerama 1.1 detected.
Xrandr 1.6 detected.
Xrender 0.11 detected.
Xinput 2.2 detected.
XInput: Refreshing devices.
XInput: Absolute pointing device: xwayland-pointer:14
XInput: Using touch device: xwayland-touch:14
XInput: Absolute pointing device: xwayland-touch:14
XInput: Absolute pointing device: xwayland-tablet stylus:14
XInput: Absolute pointing device: xwayland-tablet eraser:14
XInput: Absolute pointing device: xwayland-tablet cursor:14
WARNING: GENERAL - Message Id Number: 0 | Message Id Name: Loader Message
	terminator_CreateInstance: Received return code -9 from call to vkCreateInstance in ICD libvulkan_dzn.so. Skipping this driver.
	Objects - 1
		Object[0] - VK_OBJECT_TYPE_INSTANCE, Handle 601298464
     at: _debug_messenger_callback (drivers/vulkan/rendering_context_driver_vulkan.cpp:639)
Devices:
  #0: Intel Intel(R) Iris(R) Xe Graphics (TGL GT2) - Supported, Integrated
  #1: Unknown llvmpipe (LLVM 20.1.8, 256 bits) - Supported, CPU
Optional extension VK_EXT_fragment_density_map not found
Optional extension VK_QCOM_fragment_density_map_offset not found
Optional extension VK_EXT_astc_decode_mode not found
Optional extension VK_EXT_texture_compression_astc_hdr not found
Optional extension VK_EXT_device_fault not found
Optional extension VK_EXT_debug_marker not found
- Vulkan Variable Rate Shading not supported
- Vulkan Fragment Density Map not supported
- Vulkan multiview supported:
  max view count: 16
  max instances: 268435455
- Vulkan subgroup:
  size: 32
  min size: 8
  max size: 32
  stages: STAGE_VERTEX, STAGE_TESSELLATION_CONTROL, STAGE_TESSELLATION_EVALUATION, STAGE_GEOMETRY, STAGE_FRAGMENT, STAGE_COMPUTE
  supported ops: FEATURE_BASIC, FEATURE_VOTE, FEATURE_ARITHMETIC, FEATURE_BALLOT, FEATURE_SHUFFLE, FEATURE_SHUFFLE_RELATIVE, FEATURE_CLUSTERED, FEATURE_QUAD
  quad operations in all stages
Vulkan 1.4.335 - Forward Mobile - Using Device #0: Intel - Intel(R) Iris(R) Xe Graphics (TGL GT2)
Startup PSO cache (6.2 MiB)
DBus 1.14.10 detected.
FreeDesktopScreenSaver: Acquired screensaver inhibition cookie: 1263032455
Using "default" pen tablet driver...
Creating VMA small objects pool for memory type index 0
Shader 'CanvasSdfShaderRD' (group 0) SHA256: 0ee98c1c762a031ed5d6ae15569aac5493df641046733f2bdfb3a50df1f4154d
Loading cache for shader CanvasSdfShaderRD, variant 0
Loading cache for shader CanvasSdfShaderRD, variant 1
Loading cache for shader CanvasSdfShaderRD, variant 2
Loading cache for shader CanvasSdfShaderRD, variant 3
Loading cache for shader CanvasSdfShaderRD, variant 4
Loading cache for shader CanvasSdfShaderRD, variant 5
Shader 'SkeletonShaderRD' (group 0) SHA256: b807701246eba2e5b805fc0e7ba7b175f6b6d09a9e37d9e4cf9457567e5b8692
Loading cache for shader SkeletonShaderRD, variant 0
Loading cache for shader SkeletonShaderRD, variant 1
Shader 'SortShaderRD' (group 0) SHA256: 5f7b2ec9b49f6ba75e1d03ef4dfdbfad8d55d693fa2c7cb5bc6e761cb986a8e5
Loading cache for shader SortShaderRD, variant 0
Loading cache for shader SortShaderRD, variant 1
Loading cache for shader SortShaderRD, variant 2
Shader 'ParticlesShaderRD' (group 0) SHA256: 48be2fd5ec149691044dab9a7783b80a4ec194c46b14e88e6cb21540ec8f681c
Loading cache for shader ParticlesShaderRD, variant 0
Shader 'ParticlesCopyShaderRD' (group 0) SHA256: e1ec2b862158669cdd5f5cfa489962a45b22a1d170a38418ac800c5944f38061
Loading cache for shader ParticlesCopyShaderRD, variant 0
Loading cache for shader ParticlesCopyShaderRD, variant 1
Loading cache for shader ParticlesCopyShaderRD, variant 2
Loading cache for shader ParticlesCopyShaderRD, variant 3
Loading cache for shader ParticlesCopyShaderRD, variant 4
Loading cache for shader ParticlesCopyShaderRD, variant 5
Loading cache for shader ParticlesCopyShaderRD, variant 6
Loading cache for shader ParticlesCopyShaderRD, variant 7
Loading cache for shader ParticlesCopyShaderRD, variant 8
Loading cache for shader ParticlesCopyShaderRD, variant 9
Loading cache for shader ParticlesCopyShaderRD, variant 10
Loading cache for shader ParticlesCopyShaderRD, variant 11
Loading cache for shader ParticlesCopyShaderRD, variant 12
Loading cache for shader ParticlesCopyShaderRD, variant 13
Loading cache for shader ParticlesCopyShaderRD, variant 14
Loading cache for shader ParticlesCopyShaderRD, variant 15
Loading cache for shader ParticlesCopyShaderRD, variant 16
Loading cache for shader ParticlesCopyShaderRD, variant 17
Loading cache for shader ParticlesCopyShaderRD, variant 18
Loading cache for shader ParticlesCopyShaderRD, variant 19
Loading cache for shader ParticlesCopyShaderRD, variant 20
Shader 'CanvasShaderRD' (group 0) SHA256: 275d4d34e3615bf0802f2ef82109d1cde17c7aa8031e89154c70fc7b3d40d52f
Loading cache for shader CanvasShaderRD, variant 0
Loading cache for shader CanvasShaderRD, variant 1
Loading cache for shader CanvasShaderRD, variant 2
Loading cache for shader CanvasShaderRD, variant 3
Loading cache for shader CanvasShaderRD, variant 4
Loading cache for shader CanvasShaderRD, variant 5
Shader 'CanvasOcclusionShaderRD' (group 0) SHA256: 9a7b08184c03a1ecd0f1635a548165ea1b8977af20bdcc6026754dc923445089
Loading cache for shader CanvasOcclusionShaderRD, variant 0
Loading cache for shader CanvasOcclusionShaderRD, variant 1
Loading cache for shader CanvasOcclusionShaderRD, variant 2
Loading cache for shader CanvasShaderRD, variant 0
Loading cache for shader CanvasShaderRD, variant 1
Loading cache for shader CanvasShaderRD, variant 2
Loading cache for shader CanvasShaderRD, variant 3
Loading cache for shader CanvasShaderRD, variant 4
Loading cache for shader CanvasShaderRD, variant 5
Loading cache for shader CanvasShaderRD, variant 0
Loading cache for shader CanvasShaderRD, variant 1
Loading cache for shader CanvasShaderRD, variant 2
Loading cache for shader CanvasShaderRD, variant 3
Loading cache for shader CanvasShaderRD, variant 4
Loading cache for shader CanvasShaderRD, variant 5
Shader 'SceneForwardMobileShaderRD' (group 0) SHA256: 4df2aa245e8f3b3ae9b810a9bffc1bb29bd5314fb5e1e0d72e08ea10902ab2ee
Shader 'SceneForwardMobileShaderRD' (group 1) SHA256: 312a305eec2177ab92ce75ae0cb1be408de923ce4d85a65657ebad58589c357f
Shader 'SceneForwardMobileShaderRD' (group 2) SHA256: cf89a6e3b13a36fbd40cd34866b01e7b5acb6f6ec94a52f2813c8b8d933d4a34
Shader 'SceneForwardMobileShaderRD' (group 3) SHA256: a777682f30f00eb7bb270442a56806c2f2afd689dd8bcfc1f02572de3cf507b0
Loading cache for shader SceneForwardMobileShaderRD, variant 0
Loading cache for shader SceneForwardMobileShaderRD, variant 1
Loading cache for shader SceneForwardMobileShaderRD, variant 2
Loading cache for shader SceneForwardMobileShaderRD, variant 3
Loading cache for shader SceneForwardMobileShaderRD, variant 4
Loading cache for shader SceneForwardMobileShaderRD, variant 5
Loading cache for shader SceneForwardMobileShaderRD, variant 6
Loading cache for shader SceneForwardMobileShaderRD, variant 7
Loading cache for shader SceneForwardMobileShaderRD, variant 8
Loading cache for shader SceneForwardMobileShaderRD, variant 9
Loading cache for shader SceneForwardMobileShaderRD, variant 0
Loading cache for shader SceneForwardMobileShaderRD, variant 1
Loading cache for shader SceneForwardMobileShaderRD, variant 2
Loading cache for shader SceneForwardMobileShaderRD, variant 3
Loading cache for shader SceneForwardMobileShaderRD, variant 4
Loading cache for shader SceneForwardMobileShaderRD, variant 5
Loading cache for shader SceneForwardMobileShaderRD, variant 6
Loading cache for shader SceneForwardMobileShaderRD, variant 7
Loading cache for shader SceneForwardMobileShaderRD, variant 8
Loading cache for shader SceneForwardMobileShaderRD, variant 9
Loading cache for shader SceneForwardMobileShaderRD, variant 0
Loading cache for shader SceneForwardMobileShaderRD, variant 1
Loading cache for shader SceneForwardMobileShaderRD, variant 2
Loading cache for shader SceneForwardMobileShaderRD, variant 3
Loading cache for shader SceneForwardMobileShaderRD, variant 4
Loading cache for shader SceneForwardMobileShaderRD, variant 5
Loading cache for shader SceneForwardMobileShaderRD, variant 6
Loading cache for shader SceneForwardMobileShaderRD, variant 7
Loading cache for shader SceneForwardMobileShaderRD, variant 8
Loading cache for shader SceneForwardMobileShaderRD, variant 9
Shader 'SkyShaderRD' (group 0) SHA256: 674aa6a56f4fc992ebe09ae7e571e379f6e557dd2354506b5062519ad7a427e1
Loading cache for shader SkyShaderRD, variant 0
Loading cache for shader SkyShaderRD, variant 1
Loading cache for shader SkyShaderRD, variant 2
Loading cache for shader SkyShaderRD, variant 3
Loading cache for shader SkyShaderRD, variant 4
Loading cache for shader SkyShaderRD, variant 5
Loading cache for shader SkyShaderRD, variant 0
Loading cache for shader SkyShaderRD, variant 1
Loading cache for shader SkyShaderRD, variant 2
Loading cache for shader SkyShaderRD, variant 3
Loading cache for shader SkyShaderRD, variant 4
Loading cache for shader SkyShaderRD, variant 5
Shader 'BokehDofRasterShaderRD' (group 0) SHA256: 7f48c3cced5aeff3271606fc3095551cd172d9f4dd021bf73aafde474760fcca
Loading cache for shader BokehDofRasterShaderRD, variant 0
Loading cache for shader BokehDofRasterShaderRD, variant 1
Loading cache for shader BokehDofRasterShaderRD, variant 2
Loading cache for shader BokehDofRasterShaderRD, variant 3
Loading cache for shader BokehDofRasterShaderRD, variant 4
Loading cache for shader BokehDofRasterShaderRD, variant 5
Loading cache for shader BokehDofRasterShaderRD, variant 6
Shader 'BlurRasterShaderRD' (group 0) SHA256: ea49dbbd414b90b91aebc19cbd8c9abc0e21611c21779975ac89e6627f42ce7d
Loading cache for shader BlurRasterShaderRD, variant 0
Loading cache for shader BlurRasterShaderRD, variant 1
Loading cache for shader BlurRasterShaderRD, variant 2
Loading cache for shader BlurRasterShaderRD, variant 3
Loading cache for shader BlurRasterShaderRD, variant 4
Loading cache for shader BlurRasterShaderRD, variant 5
Loading cache for shader BlurRasterShaderRD, variant 6
Shader 'CopyShaderRD' (group 0) SHA256: e9cc8703737058ab94419d921c4ffa210eedec9e9902e44b4b3b0898bea779ad
Loading cache for shader CopyShaderRD, variant 0
Loading cache for shader CopyShaderRD, variant 1
Loading cache for shader CopyShaderRD, variant 2
Loading cache for shader CopyShaderRD, variant 3
Loading cache for shader CopyShaderRD, variant 4
Loading cache for shader CopyShaderRD, variant 5
Loading cache for shader CopyShaderRD, variant 6
Loading cache for shader CopyShaderRD, variant 7
Loading cache for shader CopyShaderRD, variant 8
Loading cache for shader CopyShaderRD, variant 9
Loading cache for shader CopyShaderRD, variant 10
Loading cache for shader CopyShaderRD, variant 11
Loading cache for shader CopyShaderRD, variant 12
Shader 'CopyToFbShaderRD' (group 0) SHA256: d8c8cfaf4afd14e907114b99e2f0ca909b68e51c06848dcaf4d960b93dc13cb8
Loading cache for shader CopyToFbShaderRD, variant 0
Loading cache for shader CopyToFbShaderRD, variant 1
Loading cache for shader CopyToFbShaderRD, variant 2
Loading cache for shader CopyToFbShaderRD, variant 3
Shader 'CubeToDpShaderRD' (group 0) SHA256: 0352697dfa4e1cfa7c828f5dbe00a582b11eb7ecdaaf632adeef06f06d4b9c96
Loading cache for shader CubeToDpShaderRD, variant 0
Shader 'CubeToOctmapShaderRD' (group 0) SHA256: 5fc57d05f5d131338b97f340dc2c3656545f2e042759ccfe92bdbbf87ab5eac3
Loading cache for shader CubeToOctmapShaderRD, variant 0
Shader 'OctmapDownsamplerShaderRD' (group 0) SHA256: f7cc7d472883dcc7f351a5ffde028bb15c7b5d7589eacdf02c3633cf2a7829c5
Loading cache for shader OctmapDownsamplerShaderRD, variant 0
Loading cache for shader OctmapDownsamplerShaderRD, variant 1
Shader 'OctmapFilterShaderRD' (group 0) SHA256: 51d055a87b73bba94f62ffe0b579322bddb3d5638e4db2bcedbcd05733e17083
Loading cache for shader OctmapFilterShaderRD, variant 0
Loading cache for shader OctmapFilterShaderRD, variant 1
Loading cache for shader OctmapFilterShaderRD, variant 2
Loading cache for shader OctmapFilterShaderRD, variant 3
Loading cache for shader OctmapFilterShaderRD, variant 4
Loading cache for shader OctmapFilterShaderRD, variant 5
Loading cache for shader OctmapFilterShaderRD, variant 6
Loading cache for shader OctmapFilterShaderRD, variant 7
Shader 'OctmapRoughnessShaderRD' (group 0) SHA256: 953daee2b7c11cf846dd5b590a624c33a6d367972b684494ecbbb5fdeb8e9b1f
Loading cache for shader OctmapRoughnessShaderRD, variant 0
Loading cache for shader OctmapRoughnessShaderRD, variant 1
Shader 'SpecularMergeShaderRD' (group 0) SHA256: f37e3095c1ac9cac056c9f2aa34f04ba24881a09cdcd83d20dbf7897f273b846
Loading cache for shader SpecularMergeShaderRD, variant 0
Loading cache for shader SpecularMergeShaderRD, variant 1
Loading cache for shader SpecularMergeShaderRD, variant 2
Loading cache for shader SpecularMergeShaderRD, variant 3
Shader 'ShadowFrustumShaderRD' (group 0) SHA256: 66c287915614d37b9e7cab38554ceb8cf9587c0a1ad8f3ed523d1119d02a432a
Loading cache for shader ShadowFrustumShaderRD, variant 0
Shader 'MotionVectorsShaderRD' (group 0) SHA256: 23e525d5cbab296a974d3ff5dca6670923233ede9e68996ab30d7ff8704cddf7
Loading cache for shader MotionVectorsShaderRD, variant 0
Shader 'LuminanceReduceRasterShaderRD' (group 0) SHA256: 8991f46d66988de25dbf4af981f65a460f9fb85312e30aea5cd863ad9132cce8
Loading cache for shader LuminanceReduceRasterShaderRD, variant 0
Loading cache for shader LuminanceReduceRasterShaderRD, variant 1
Loading cache for shader LuminanceReduceRasterShaderRD, variant 2
Shader 'SmaaEdgeDetectionShaderRD' (group 0) SHA256: d87a8d48df4d7f1e99d50fdda5183397a5adb65dc240df7fc07a7ce2955fe3d7
Loading cache for shader SmaaEdgeDetectionShaderRD, variant 0
Shader 'SmaaWeightCalculationShaderRD' (group 0) SHA256: 8e27991ff4e390c0330de8c3b47a42294afc92f41d1049dfd06896302c2e0b04
Loading cache for shader SmaaWeightCalculationShaderRD, variant 0
Shader 'SmaaBlendingShaderRD' (group 0) SHA256: 607ccc762120fdee816ab47fd2451dbbaa886d445321b7411140032a35f1a739
Loading cache for shader SmaaBlendingShaderRD, variant 0
Shader 'TonemapMobileShaderRD' (group 0) SHA256: b77b8891d97ed05eff38535f1c3d00e17d8134f86e95abca278134a248f9153f
Loading cache for shader TonemapMobileShaderRD, variant 0
Loading cache for shader TonemapMobileShaderRD, variant 1
Loading cache for shader TonemapMobileShaderRD, variant 2
Loading cache for shader TonemapMobileShaderRD, variant 3
Shader 'ResolveRasterShaderRD' (group 0) SHA256: 0048459941e15dc9972107fdd3b906304e47f0c37c3b530eb328c00df1b2048b
Loading cache for shader ResolveRasterShaderRD, variant 0
Shader 'BlitShaderRD' (group 0) SHA256: de1bb2427d3dcc66b0497adb6bb381a58368fc24648c5e77b936034fd86c488f
Loading cache for shader BlitShaderRD, variant 0
Loading cache for shader BlitShaderRD, variant 1
Loading cache for shader BlitShaderRD, variant 2
Loading cache for shader BlitShaderRD, variant 3
PulseAudio 16.1.0 detected.
PulseAudio: context other
PulseAudio: context other
PulseAudio: context other
PulseAudio: context ready
PulseAudio: Detecting channels for device: alsa_output.pci-0000_00_1f.3.analog-stereo
PulseAudio: detected 2 output channels
PulseAudio: audio buffer frames: 512 calculated output latency: 11ms

TextServer: Primary interface set to: "ICU / HarfBuzz / Graphite (Built-in)".
Loading cache for shader CanvasShaderRD, variant 0
Loading cache for shader CanvasShaderRD, variant 1
Loading cache for shader CanvasShaderRD, variant 2
Loading cache for shader CanvasShaderRD, variant 3
Loading cache for shader CanvasShaderRD, variant 4
Loading cache for shader CanvasShaderRD, variant 5
CORE API HASH: 75400357
EDITOR API HASH: 3012763406
SceneTreeFTI: traversal method DEFAULT
Loading resource: res://scripts/global/config.gd
Loaded system CA certificates
Loading resource: res://scenes/maps/test1.tscn
Loading resource: res://scripts/infinite_map_generator.gd
Loading resource: res://assets/structures/windmill/windmill_SouthWest.png
Loading resource: res://.godot/imported/windmill_SouthWest.png-7063d282362f2372cd691de5acd35c41.ctex
Loading resource: res://assets/structures/camfire/camfire.png
Loading resource: res://.godot/imported/camfire.png-c19ab63dced258cadff4fc3279e2272e.ctex
Loading resource: res://assets/structures/core/core.png
Loading resource: res://.godot/imported/core.png-a915e153544e892768c9070b9774bf38.ctex
Loading resource: res://assets/props/plants/trees/oak_tree/oak_tree.png
Loading resource: res://.godot/imported/oak_tree.png-77a833486852d90f8a4cb6e102ccf701.ctex
Loading resource: res://assets/props/plants/trees/maple_tree/maple_tree.png
Loading resource: res://.godot/imported/maple_tree.png-e8d7d72bff1714af1ab06ca90a9c3efc.ctex
Loading resource: res://assets/props/plants/trees/coffee_tree/coffee_tree.png
Loading resource: res://.godot/imported/coffee_tree.png-ae49d213d6a386c0a251ce66f87b65e1.ctex
Loading resource: res://assets/props/plants/trees/cotton_tree/cotton_tree.png
Loading resource: res://.godot/imported/cotton_tree.png-6ac16fac74421b6b824402170ccb56d6.ctex
Loading resource: res://assets/props/plants/trees/bambo/bambo_1.png
Loading resource: res://.godot/imported/bambo_1.png-36432dcaf5885fcc78b01d7bfdc354f9.ctex
Loading resource: res://assets/props/plants/trees/cactus/cactus_1.png
Loading resource: res://.godot/imported/cactus_1.png-f11231762371bb0bec92220026ea4dc9.ctex
Loading resource: res://assets/props/minerals/stone_ore/stone_ore_1.png
Loading resource: res://.godot/imported/stone_ore_1.png-f1075eef1944431a9eb7caf68e0d0c59.ctex
Loading resource: res://assets/props/minerals/tin_ore/tin_ore_1.png
Loading resource: res://.godot/imported/tin_ore_1.png-a224ef1102474f1ff3992e7ed070a141.ctex
Loading resource: res://assets/props/minerals/gold_ore/gold_ore_1.png
Loading resource: res://.godot/imported/gold_ore_1.png-b550992b5da1cfb1cb48440513716cd3.ctex
Loading resource: res://assets/props/minerals/copper_ore/copper_ore_1.png
Loading resource: res://.godot/imported/copper_ore_1.png-61027169f3b31a0e426b8ace050204c2.ctex
Loading resource: res://assets/props/minerals/sliver_ore/sliver_ore_1.png
Loading resource: res://.godot/imported/sliver_ore_1.png-4e758ef9f859ebe5742c0b858639d74f.ctex
Loading resource: res://scenes/ui/world_map.tscn
Loading resource: res://scripts/ui/world_map.gd
Loading resource: res://resources/tilesets/main_tileset.tres
Loading resource: res://assets/tiles/grounds/dirt_block/dirt_block.png
Loading resource: res://.godot/imported/dirt_block.png-1924d24756e8c7ba1c69ef9ad3b00367.ctex
Loading resource: res://assets/tiles/grounds/grass_block/grass_block.png
Loading resource: res://.godot/imported/grass_block.png-111b40d8941f62de5f7715be218aec5e.ctex
Loading resource: res://assets/tiles/grounds/sand_block/sand_block.png
Loading resource: res://.godot/imported/sand_block.png-a9d98e6936ce99bea46aa57053ad0393.ctex
Loading resource: res://assets/tiles/fluids/water_block/water_block.png
Loading resource: res://.godot/imported/water_block.png-abca9cd427da5153ea5d1d119a618c8b.ctex
Loading resource: res://assets/tiles/grounds/stone_block/stone_block.png
Loading resource: res://.godot/imported/stone_block.png-3a9ea6b9ba1e65a2ebc58b48f0cc3a23.ctex
Loading resource: res://assets/tiles/grounds/bazan_block/bazan_block.png
Loading resource: res://.godot/imported/bazan_block.png-a89fc6f7d4bf9e2563c178fc582af9cd.ctex
Loading resource: res://assets/tiles/grounds/laterite_dirt_block/laterite_dirt_block.png
Loading resource: res://.godot/imported/laterite_dirt_block.png-4348b8215b4ebeff53f90423a81e0024.ctex
Loading resource: res://assets/tiles/grounds/peat_block/peat_block.png
Loading resource: res://.godot/imported/peat_block.png-bb054e29b473792c385b3c51d1cb89a3.ctex
Loading resource: res://assets/tiles/grounds/pebble_block/pebble_block.png
Loading resource: res://.godot/imported/pebble_block.png-957dce4891093cf5310720f64fdf1e7c.ctex
Loading resource: res://assets/tiles/fluids/mud_block/mud_block.png
Loading resource: res://.godot/imported/mud_block.png-9e4c563044b6baa0e96a50ac98b00eb1.ctex
Loading resource: res://assets/tiles/fluids/oil_block/oil_block.png
Loading resource: res://.godot/imported/oil_block.png-7c0ccd36b258e5c426bdebbef7e8ad3e.ctex
Loading resource: res://assets/tiles/fluids/quicksand_block/quicksand_block.png
Loading resource: res://.godot/imported/quicksand_block.png-1ddc5aaf75eb792f0a7948741d458380.ctex
Loading resource: res://assets/tiles/fluids/red_mud_block/red_mud_block.png
Loading resource: res://.godot/imported/red_mud_block.png-2bbc9e37eceff7e73720396231a060db.ctex
Loading resource: res://assets/tiles/fluids/swamp_water_block/swamp_water_block.png
Loading resource: res://.godot/imported/swamp_water_block.png-89332d3af0e75d37b64f8b0455794426.ctex
Loading resource: res://assets/tiles/fluids/water_salt_block/water_salt_block.png
Loading resource: res://.godot/imported/water_salt_block.png-73394e4516a16878b75240b17d33e53b.ctex
Loading resource: res://assets/tiles/overlays/volcanic_ash_overlay_sheet/volcanic_ash_overlay.png
Loading resource: res://.godot/imported/volcanic_ash_overlay.png-c955a2b48fbae1d48a751a8545f95751.ctex
Loading resource: res://scripts/camera_controller.gd
Loading resource: res://scripts/day_night_cycle.gd
Loading resource: res://scenes/entities/player.tscn
Loading resource: res://scripts/entities/player.gd
Loading resource: res://assets/actors/player/default_male/walk/player_walk_North_left.png
Loading resource: res://.godot/imported/player_walk_North_left.png-84b77c95f0887b23ba551c9c0e3d5c45.ctex
Loading resource: res://assets/actors/player/default_male/walk/player_walk_North_right.png
Loading resource: res://.godot/imported/player_walk_North_right.png-95982fc73ca1f612aa490e49afc642fe.ctex
Loading resource: res://assets/actors/player/default_male/walk/player_walk_South_left.png
Loading resource: res://.godot/imported/player_walk_South_left.png-ae71716731f762389b16b1b31cee9d38.ctex
Loading resource: res://assets/actors/player/default_male/walk/player_walk_South_right.png
Loading resource: res://.godot/imported/player_walk_South_right.png-bbdb089bcedaf2757bd8ec67cfa0155c.ctex
Loading resource: res://assets/actors/player/default_male/walk/player_walk_East_left.png
Loading resource: res://.godot/imported/player_walk_East_left.png-927220bc385f9e5fb648cb881df7c76b.ctex
Loading resource: res://assets/actors/player/default_male/walk/player_walk_East_right.png
Loading resource: res://.godot/imported/player_walk_East_right.png-e121cc2105ac4b8cc179096d12b2964f.ctex
Loading resource: res://assets/actors/player/default_male/walk/player_walk_West_left.png
Loading resource: res://.godot/imported/player_walk_West_left.png-96e8a94c0cb5a9c8890414838da34272.ctex
Loading resource: res://assets/actors/player/default_male/walk/player_walk_West_right.png
Loading resource: res://.godot/imported/player_walk_West_right.png-eb7ef59a6ad748c730e83a3b38902784.ctex
Loading resource: res://assets/actors/player/default_male/walk/player_walk_NorthEast_left.png
Loading resource: res://.godot/imported/player_walk_NorthEast_left.png-9ff046695ab0c4c881aa2fbb25cd24db.ctex
Loading resource: res://assets/actors/player/default_male/walk/player_walk_NorthEast_right.png
Loading resource: res://.godot/imported/player_walk_NorthEast_right.png-4da3d5f9ca83c9f5946862190569d08a.ctex
Loading resource: res://assets/actors/player/default_male/walk/player_walk_NorthWest_left.png
Loading resource: res://.godot/imported/player_walk_NorthWest_left.png-a8936a2869b107ae9e0041833e6d3207.ctex
Loading resource: res://assets/actors/player/default_male/walk/player_walk_NorthWest_right.png
Loading resource: res://.godot/imported/player_walk_NorthWest_right.png-0ec7b4785ab632f2921bd55fb820b688.ctex
Loading resource: res://assets/actors/player/default_male/walk/player_walk_SouthEast_left.png
Loading resource: res://.godot/imported/player_walk_SouthEast_left.png-61a11fcfd4024c3dc3f69669454468ec.ctex
Loading resource: res://assets/actors/player/default_male/walk/player_walk_SouthEast_right.png
Loading resource: res://.godot/imported/player_walk_SouthEast_right.png-69613922c6c66154373e62f9357c5296.ctex
Loading resource: res://assets/actors/player/default_male/walk/player_walk_SouthWest_left.png
Loading resource: res://.godot/imported/player_walk_SouthWest_left.png-8aa247f1012ea06a071fb58bdad54914.ctex
Loading resource: res://assets/actors/player/default_male/walk/player_walk_SouthWest_right.png
Loading resource: res://.godot/imported/player_walk_SouthWest_right.png-c65748b50f8d36f251b247c71811bf39.ctex
Loading resource: res://assets/actors/player/default_male/idle/player_idle_North.png
Loading resource: res://.godot/imported/player_idle_North.png-bcdc411a024efe6bde27dff1e7fa4424.ctex
Loading resource: res://assets/actors/player/default_male/idle/player_idle_South.png
Loading resource: res://.godot/imported/player_idle_South.png-38b254e9cbaf543341fba27b8e3a36f0.ctex
Loading resource: res://assets/actors/player/default_male/idle/player_idle_East.png
Loading resource: res://.godot/imported/player_idle_East.png-eb8c46733b413844ffad1c5cdba47dbd.ctex
Loading resource: res://assets/actors/player/default_male/idle/player_idle_West.png
Loading resource: res://.godot/imported/player_idle_West.png-75757b45185216b1b0debf9afd462824.ctex
Loading resource: res://assets/actors/player/default_male/idle/player_idle_NorthEast.png
Loading resource: res://.godot/imported/player_idle_NorthEast.png-dce31f25ee5d00882051051f4e9004bc.ctex
Loading resource: res://assets/actors/player/default_male/idle/player_idle_NorthWest.png
Loading resource: res://.godot/imported/player_idle_NorthWest.png-375b28cb13b605ba86b97e83010fab5e.ctex
Loading resource: res://assets/actors/player/default_male/idle/player_idle_SouthEast.png
Loading resource: res://.godot/imported/player_idle_SouthEast.png-a12bb88dbc2c933f008a1be643cd0699.ctex
Loading resource: res://assets/actors/player/default_male/idle/player_idle_SouthWest.png
Loading resource: res://.godot/imported/player_idle_SouthWest.png-e17c72730e1d7dfe54439244dce15eff.ctex
Loading resource: res://scenes/ui/hud.tscn
Loading resource: res://scripts/ui/hud.gd
[CONFIG] No settings file found, using defaults.
[SYSTEM] --- DayNightCycle _ready() ---
InfiniteMapGenerator: Initializing Pure 3D World...
InfiniteMapGenerator: World Genesis with seed: -1075495955
InfiniteMapGenerator: World Genesis with seed: -1075495955
[INFO] Building Info Loaded: info.json | Calculated Offset: (0.0, -2497.0)
Loading resource: res://shaders/screen_blur.gdshader
Loading cache for shader CanvasShaderRD, variant 0
Loading cache for shader CanvasShaderRD, variant 1
Loading cache for shader CanvasShaderRD, variant 2
Loading cache for shader CanvasShaderRD, variant 3
Loading cache for shader CanvasShaderRD, variant 4
Loading cache for shader CanvasShaderRD, variant 5
Loading resource: res://scenes/ui/settings_menu.tscn
Loading resource: res://scripts/ui/settings_menu.gd
InfiniteMapGenerator: Starting smooth world genesis...
[MultiMesh] Tree renderer khởi tạo thành công: 6 loại cây
[SYSTEM] Window focused: Game remains paused if menu is up.
[SYSTEM] Window focused: Game remains paused if menu is up.
[SYSTEM] Auto-Pause: Window lost focus.
XR: Clearing primary interface
XR: Removed interface "Native mobile"
XR: Removed interface "OpenXR"
PulseAudio: context terminated
MultiUmaBuffer 'SceneState::uniform_buffers' used a total of 0 buffers. A large number may indicate a waste of VRAM and can be brought down by tweaking MAX_EXTRA_BUFFERS for this buffer.
MultiUmaBuffer 'RENDER_LIST_OPAQUE' used a total of 0 buffers. A large number may indicate a waste of VRAM and can be brought down by tweaking MAX_EXTRA_BUFFERS for this buffer.
MultiUmaBuffer 'RENDER_LIST_ALPHA' used a total of 0 buffers. A large number may indicate a waste of VRAM and can be brought down by tweaking MAX_EXTRA_BUFFERS for this buffer.
MultiUmaBuffer 'RENDER_LIST_SECONDARY' used a total of 0 buffers. A large number may indicate a waste of VRAM and can be brought down by tweaking MAX_EXTRA_BUFFERS for this buffer.
MultiUmaBuffer 'CANVAS_INSTANCE_DATA' used a total of 4 buffers. A large number may indicate a waste of VRAM and can be brought down by tweaking MAX_EXTRA_BUFFERS for this buffer.
